# JRE version: OpenJDK Runtime Environment (11.0.12+7) (build 11.0.12+7-b1504.28-7817840)
# Java VM: OpenJDK 64-Bit Server VM (11.0.12+7-b1504.28-7817840, mixed mode, tiered, compressed oops, g1 gc, windows-amd64)
Heap:
 garbage-first heap   total 312320K, used 42152K [0x0000000703000000, 0x0000000800000000)
  region size 1024K, 22 young (22528K), 5 survivors (5120K)
 Metaspace       used 47441K, capacity 48013K, committed 48128K, reserved 1091584K
  class space    used 5661K, capacity 5861K, committed 5888K, reserved 1048576K
GC Heap History (10 events):
Event: 0.419 GC heap before
{Heap before GC invocations=0 (full 0):
 garbage-first heap   total 260096K, used 27648K [0x0000000703000000, 0x0000000800000000)
  region size 1024K, 24 young (24576K), 0 survivors (0K)
 Metaspace       used 12424K, capacity 12568K, committed 12800K, reserved 1060864K
  class space    used 1171K, capacity 1207K, committed 1280K, reserved 1048576K
}
Event: 0.421 GC heap after
{Heap after GC invocations=1 (full 0):
 garbage-first heap   total 260096K, used 6180K [0x0000000703000000, 0x0000000800000000)
  region size 1024K, 3 young (3072K), 3 survivors (3072K)
 Metaspace       used 12424K, capacity 12568K, committed 12800K, reserved 1060864K
  class space    used 1171K, capacity 1207K, committed 1280K, reserved 1048576K
}
Event: 0.846 GC heap before
{Heap before GC invocations=1 (full 0):
 garbage-first heap   total 260096K, used 39972K [0x0000000703000000, 0x0000000800000000)
  region size 1024K, 37 young (37888K), 3 survivors (3072K)
 Metaspace       used 20788K, capacity 21011K, committed 21248K, reserved 1069056K
  class space    used 2207K, capacity 2285K, committed 2304K, reserved 1048576K
}
Event: 0.855 GC heap after
{Heap after GC invocations=2 (full 0):
 garbage-first heap   total 260096K, used 9500K [0x0000000703000000, 0x0000000800000000)
  region size 1024K, 7 young (7168K), 7 survivors (7168K)
 Metaspace       used 20788K, capacity 21011K, committed 21248K, reserved 1069056K
  class space    used 2207K, capacity 2285K, committed 2304K, reserved 1048576K
}
Event: 1.651 GC heap before
{Heap before GC invocations=3 (full 0):
 garbage-first heap   total 260096K, used 65820K [0x0000000703000000, 0x0000000800000000)
  region size 1024K, 57 young (58368K), 7 survivors (7168K)
 Metaspace       used 32962K, capacity 33449K, committed 33536K, reserved 1079296K
  class space    used 4119K, capacity 4296K, committed 4352K, reserved 1048576K
}
Event: 1.660 GC heap after
{Heap after GC invocations=4 (full 0):
 garbage-first heap   total 260096K, used 21002K [0x0000000703000000, 0x0000000800000000)
  region size 1024K, 8 young (8192K), 8 survivors (8192K)
 Metaspace       used 32962K, capacity 33449K, committed 33536K, reserved 1079296K
  class space    used 4119K, capacity 4296K, committed 4352K, reserved 1048576K
}
Event: 1.763 GC heap before
{Heap before GC invocations=4 (full 0):
 garbage-first heap   total 260096K, used 30218K [0x0000000703000000, 0x0000000800000000)
  region size 1024K, 18 young (18432K), 8 survivors (8192K)
 Metaspace       used 35020K, capacity 35497K, committed 35584K, reserved 1081344K
  class space    used 4348K, capacity 4552K, committed 4608K, reserved 1048576K
}
Event: 1.772 GC heap after
{Heap after GC invocations=5 (full 0):
 garbage-first heap   total 260096K, used 22026K [0x0000000703000000, 0x0000000800000000)
  region size 1024K, 9 young (9216K), 9 survivors (9216K)
 Metaspace       used 35020K, capacity 35497K, committed 35584K, reserved 1081344K
  class space    used 4348K, capacity 4552K, committed 4608K, reserved 1048576K
}
Event: 2.302 GC heap before
{Heap before GC invocations=6 (full 0):
 garbage-first heap   total 260096K, used 67082K [0x0000000703000000, 0x0000000800000000)
  region size 1024K, 53 young (54272K), 9 survivors (9216K)
 Metaspace       used 44188K, capacity 44682K, committed 44928K, reserved 1089536K
  class space    used 5265K, capacity 5456K, committed 5504K, reserved 1048576K
}
Event: 2.311 GC heap after
{Heap after GC invocations=7 (full 0):
 garbage-first heap   total 312320K, used 23720K [0x0000000703000000, 0x0000000800000000)
  region size 1024K, 5 young (5120K), 5 survivors (5120K)
 Metaspace       used 44188K, capacity 44682K, committed 44928K, reserved 1089536K
  class space    used 5265K, capacity 5456K, committed 5504K, reserved 1048576K
}

